<?xml version="1.0" encoding="UTF-8"?>
<!-- Generated by org.testng.reporters.JUnitReportReporter -->
<testsuite hostname="HASEEF" failures="0" tests="35" name="com.nurseryadministrator.testscript.PaymentRequestList" time="274.050" errors="0" timestamp="2021-09-14T17:07:24 IST" skipped="0">
  <testcase classname="com.nurseryadministrator.testscript.PaymentRequestList" name="filterByStatus" time="6.485"/>
  <system-out/>
  <testcase classname="com.nurseryadministrator.testscript.PaymentRequestList" name="filterByPaymentName" time="4.328"/>
  <system-out/>
  <testcase classname="com.nurseryadministrator.testscript.PaymentRequestList" name="filterByStudentName" time="3.682"/>
  <system-out/>
  <testcase classname="com.nurseryadministrator.testscript.PaymentRequestList" name="filterBySameDate" time="5.910"/>
  <system-out/>
  <testcase classname="com.nurseryadministrator.testscript.PaymentRequestList" name="filterByDueDateFrom" time="24.305"/>
  <system-out/>
  <testcase classname="com.nurseryadministrator.testscript.PaymentRequestList" name="filterByDueDateTo" time="9.626"/>
  <system-out/>
  <testcase classname="com.nurseryadministrator.testscript.PaymentRequestList" name="filterByDueDateFromAndDueDateTo" time="9.617"/>
  <system-out/>
  <testcase classname="com.nurseryadministrator.testscript.PaymentRequestList" name="filterByGroupName" time="17.881"/>
  <system-out/>
  <testcase classname="com.nurseryadministrator.testscript.PaymentRequestList" name="filterByPaymentNameAndStudentName" time="3.922"/>
  <system-out/>
  <testcase classname="com.nurseryadministrator.testscript.PaymentRequestList" name="filterByPaymentNameAndGroup" time="7.628"/>
  <system-out/>
  <testcase classname="com.nurseryadministrator.testscript.PaymentRequestList" name="filterByPaymentNameAndStatus" time="3.581"/>
  <system-out/>
  <testcase classname="com.nurseryadministrator.testscript.PaymentRequestList" name="filterByPaymentNameAndFromDate" time="4.664"/>
  <system-out/>
  <testcase classname="com.nurseryadministrator.testscript.PaymentRequestList" name="filterByPaymentNameAndToDate" time="4.396"/>
  <system-out/>
  <testcase classname="com.nurseryadministrator.testscript.PaymentRequestList" name="filterByPymentNameDueDateFromAndDueDateTo" time="5.265"/>
  <system-out/>
  <testcase classname="com.nurseryadministrator.testscript.PaymentRequestList" name="filterByGroupAndStatus" time="5.659"/>
  <system-out/>
  <testcase classname="com.nurseryadministrator.testscript.PaymentRequestList" name="filterByDueDateAndGroup" time="19.484"/>
  <system-out/>
  <testcase classname="com.nurseryadministrator.testscript.PaymentRequestList" name="filterByStudentAndStatus" time="4.679"/>
  <system-out/>
  <testcase classname="com.nurseryadministrator.testscript.PaymentRequestList" name="filterByStudentAndDate" time="5.420"/>
  <system-out/>
  <testcase classname="com.nurseryadministrator.testscript.PaymentRequestList" name="filterByStatusAndDate" time="4.769"/>
  <system-out/>
  <testcase classname="com.nurseryadministrator.testscript.PaymentRequestList" name="filterByPaymentNameGroupAndStudent" time="9.004"/>
  <system-out/>
  <testcase classname="com.nurseryadministrator.testscript.PaymentRequestList" name="filterByPaymentNameGroupAndStatus" time="6.067"/>
  <system-out/>
  <testcase classname="com.nurseryadministrator.testscript.PaymentRequestList" name="filterByPymentNameDueDateAndGroup" time="9.664"/>
  <system-out/>
  <testcase classname="com.nurseryadministrator.testscript.PaymentRequestList" name="filterByPaymentNameStudentAndStatus" time="4.558"/>
  <system-out/>
  <testcase classname="com.nurseryadministrator.testscript.PaymentRequestList" name="filterByPaymentNameStudentAndDate" time="5.861"/>
  <system-out/>
  <testcase classname="com.nurseryadministrator.testscript.PaymentRequestList" name="filterByStudentGroupAndStatus" time="5.780"/>
  <system-out/>
  <testcase classname="com.nurseryadministrator.testscript.PaymentRequestList" name="filterByStudentGroupAndDate" time="12.790"/>
  <system-out/>
  <testcase classname="com.nurseryadministrator.testscript.PaymentRequestList" name="filterByGroupStatusAndDate" time="6.112"/>
  <system-out/>
  <testcase classname="com.nurseryadministrator.testscript.PaymentRequestList" name="filterByPaymentNameStudentGroupAndStatus" time="5.982"/>
  <system-out/>
  <testcase classname="com.nurseryadministrator.testscript.PaymentRequestList" name="filterByPaymentNameStudentGroupAndDate" time="8.857"/>
  <system-out/>
  <testcase classname="com.nurseryadministrator.testscript.PaymentRequestList" name="filterByStudentGroupStatusAndDate" time="6.712"/>
  <system-out/>
  <testcase classname="com.nurseryadministrator.testscript.PaymentRequestList" name="filterByPaymentNameStudentGroupStatusAndDate" time="6.975"/>
  <system-out/>
  <testcase classname="com.nurseryadministrator.testscript.PaymentRequestList" name="verifySortTitle" time="9.799"/>
  <system-out/>
  <testcase classname="com.nurseryadministrator.testscript.PaymentRequestList" name="verifySortStudentName" time="8.151"/>
  <system-out/>
  <testcase classname="com.nurseryadministrator.testscript.PaymentRequestList" name="verifySortDueDate" time="8.160"/>
  <system-out/>
  <testcase classname="com.nurseryadministrator.testscript.PaymentRequestList" name="verifySortStatus" time="8.277"/>
  <system-out/>
</testsuite> <!-- com.nurseryadministrator.testscript.PaymentRequestList -->
