<?xml version="1.0" encoding="UTF-8"?>
<!-- Generated by org.testng.reporters.JUnitReportReporter -->
<testsuite hostname="HASEEF" failures="0" tests="9" name="com.nurseryadministrator.testscript.StudentList" time="75.347" errors="0" timestamp="2021-09-14T17:07:23 IST" skipped="0">
  <testcase classname="com.nurseryadministrator.testscript.StudentList" name="deactivateStudent" time="8.015"/>
  <system-out/>
  <testcase classname="com.nurseryadministrator.testscript.StudentList" name="activateStudent" time="8.521"/>
  <system-out/>
  <testcase classname="com.nurseryadministrator.testscript.StudentList" name="verifySortFirstName" time="9.299"/>
  <system-out/>
  <testcase classname="com.nurseryadministrator.testscript.StudentList" name="verifySortLasttName" time="8.466"/>
  <system-out/>
  <testcase classname="com.nurseryadministrator.testscript.StudentList" name="verifySortParent1Name" time="8.333"/>
  <system-out/>
  <testcase classname="com.nurseryadministrator.testscript.StudentList" name="verifySortParent2Name" time="8.330"/>
  <system-out/>
  <testcase classname="com.nurseryadministrator.testscript.StudentList" name="verifySortGroupName" time="8.279"/>
  <system-out/>
  <testcase classname="com.nurseryadministrator.testscript.StudentList" name="verifySortGroupType" time="8.131"/>
  <system-out/>
  <testcase classname="com.nurseryadministrator.testscript.StudentList" name="verifySortForStatus" time="7.973"/>
  <system-out/>
</testsuite> <!-- com.nurseryadministrator.testscript.StudentList -->
