<?xml version="1.0" encoding="UTF-8"?>
<!-- Generated by org.testng.reporters.JUnitReportReporter -->
<testsuite hostname="HASEEF" failures="0" tests="8" name="com.nurseryadministrator.testscript.GroupList" time="69.210" errors="0" timestamp="2021-09-14T17:07:23 IST" skipped="0">
  <testcase classname="com.nurseryadministrator.testscript.GroupList" name="listAndViewGroupDetails" time="6.524"/>
  <system-out/>
  <testcase classname="com.nurseryadministrator.testscript.GroupList" name="deactivateGroup" time="8.559"/>
  <system-out/>
  <testcase classname="com.nurseryadministrator.testscript.GroupList" name="activateGroup" time="8.204"/>
  <system-out/>
  <testcase classname="com.nurseryadministrator.testscript.GroupList" name="editAndViewGroupDetails" time="11.282"/>
  <system-out/>
  <testcase classname="com.nurseryadministrator.testscript.GroupList" name="verifySortGrpName" time="9.912"/>
  <system-out/>
  <testcase classname="com.nurseryadministrator.testscript.GroupList" name="verifySortForGroupType" time="8.465"/>
  <system-out/>
  <testcase classname="com.nurseryadministrator.testscript.GroupList" name="verifySortForStatus" time="8.169"/>
  <system-out/>
  <testcase classname="com.nurseryadministrator.testscript.GroupList" name="verifySortForTeacher" time="8.095"/>
  <system-out/>
</testsuite> <!-- com.nurseryadministrator.testscript.GroupList -->
