<?xml version="1.0" encoding="UTF-8"?>
<!-- Generated by org.testng.reporters.JUnitReportReporter -->
<testsuite hostname="HASEEF" failures="0" tests="14" name="com.nurseryadministrator.testscript.AdminList" time="103.291" errors="0" timestamp="2021-09-14T17:07:24 IST" skipped="0">
  <testcase classname="com.nurseryadministrator.testscript.AdminList" name="deactivateAdmin" time="8.060"/>
  <system-out/>
  <testcase classname="com.nurseryadministrator.testscript.AdminList" name="activateAdmin" time="7.507"/>
  <system-out/>
  <testcase classname="com.nurseryadministrator.testscript.AdminList" name="filterByName" time="7.520"/>
  <system-out/>
  <testcase classname="com.nurseryadministrator.testscript.AdminList" name="editNurseryAdmin" time="11.950"/>
  <system-out/>
  <testcase classname="com.nurseryadministrator.testscript.AdminList" name="filterByStatus" time="7.835"/>
  <system-out/>
  <testcase classname="com.nurseryadministrator.testscript.AdminList" name="filterByEmail" time="4.825"/>
  <system-out/>
  <testcase classname="com.nurseryadministrator.testscript.AdminList" name="filterByNameAndStatus" time="5.669"/>
  <system-out/>
  <testcase classname="com.nurseryadministrator.testscript.AdminList" name="filterByEmailAndStatus" time="5.109"/>
  <system-out/>
  <testcase classname="com.nurseryadministrator.testscript.AdminList" name="filterByNameAndEmail" time="5.594"/>
  <system-out/>
  <testcase classname="com.nurseryadministrator.testscript.AdminList" name="filterByNameEmailAndStatus" time="5.546"/>
  <system-out/>
  <testcase classname="com.nurseryadministrator.testscript.AdminList" name="verifySortForName" time="8.432"/>
  <system-out/>
  <testcase classname="com.nurseryadministrator.testscript.AdminList" name="verifySortForPhone" time="8.640"/>
  <system-out/>
  <testcase classname="com.nurseryadministrator.testscript.AdminList" name="verifySortForEmail" time="7.869"/>
  <system-out/>
  <testcase classname="com.nurseryadministrator.testscript.AdminList" name="verifySortForStatus" time="8.735"/>
  <system-out/>
</testsuite> <!-- com.nurseryadministrator.testscript.AdminList -->
