<?xml version="1.0" encoding="UTF-8"?>
<!-- Generated by org.testng.reporters.JUnitReportReporter -->
<testsuite hostname="HASEEF" failures="0" tests="3" name="com.nurseryadministrator.testscript.AddStudent" time="40.544" errors="0" timestamp="2021-09-14T17:07:24 IST" skipped="0">
  <testcase classname="com.nurseryadministrator.testscript.AddStudent" name="verifyMandatoryMsgVisible" time="2.494"/>
  <system-out/>
  <testcase classname="com.nurseryadministrator.testscript.AddStudent" name="addStudent" time="29.284"/>
  <system-out/>
  <testcase classname="com.nurseryadministrator.testscript.AddStudent" name="viewStudentDetails" time="8.766"/>
  <system-out/>
</testsuite> <!-- com.nurseryadministrator.testscript.AddStudent -->
