<?xml version="1.0" encoding="UTF-8"?>
<!-- Generated by org.testng.reporters.JUnitReportReporter -->
<testsuite hostname="HASEEF" failures="0" tests="6" name="com.nurseryadministrator.testscript.AddGroup" time="72.016" errors="0" timestamp="2021-09-14T17:07:23 IST" skipped="0">
  <testcase classname="com.nurseryadministrator.testscript.AddGroup" name="deleteStudentsAndEmployees" time="22.081"/>
  <system-out/>
  <testcase classname="com.nurseryadministrator.testscript.AddGroup" name="addToddlersGroup" time="7.446"/>
  <system-out/>
  <testcase classname="com.nurseryadministrator.testscript.AddGroup" name="assignStudentsAndEmployees" time="26.679"/>
  <system-out/>
  <testcase classname="com.nurseryadministrator.testscript.AddGroup" name="addBabiesGroup" time="7.061"/>
  <system-out/>
  <testcase classname="com.nurseryadministrator.testscript.AddGroup" name="addPreKGGroup" time="6.696"/>
  <system-out/>
  <testcase classname="com.nurseryadministrator.testscript.AddGroup" name="verifyMandatoryMsgVisible" time="2.053"/>
  <system-out/>
</testsuite> <!-- com.nurseryadministrator.testscript.AddGroup -->
