<?xml version="1.0" encoding="UTF-8"?>
<!-- Generated by org.testng.reporters.JUnitReportReporter -->
<testsuite hostname="HASEEF" failures="0" tests="13" name="com.nurseryadministrator.testscript.GroupListFilter" time="83.249" errors="0" timestamp="2021-09-14T17:07:23 IST" skipped="0">
  <testcase classname="com.nurseryadministrator.testscript.GroupListFilter" name="filterByGroupName" time="7.880"/>
  <system-out/>
  <testcase classname="com.nurseryadministrator.testscript.GroupListFilter" name="filterByGroupType" time="10.251"/>
  <system-out/>
  <testcase classname="com.nurseryadministrator.testscript.GroupListFilter" name="filterByTeacher" time="6.280"/>
  <system-out/>
  <testcase classname="com.nurseryadministrator.testscript.GroupListFilter" name="filterByNameAndTeacher" time="5.960"/>
  <system-out/>
  <testcase classname="com.nurseryadministrator.testscript.GroupListFilter" name="filterByNameAndType" time="5.809"/>
  <system-out/>
  <testcase classname="com.nurseryadministrator.testscript.GroupListFilter" name="filterByNameAndStatus" time="5.786"/>
  <system-out/>
  <testcase classname="com.nurseryadministrator.testscript.GroupListFilter" name="filterByTeacherAndType" time="6.204"/>
  <system-out/>
  <testcase classname="com.nurseryadministrator.testscript.GroupListFilter" name="filterByTypeAndStatus" time="5.525"/>
  <system-out/>
  <testcase classname="com.nurseryadministrator.testscript.GroupListFilter" name="filterByTeacherAndStatus" time="5.638"/>
  <system-out/>
  <testcase classname="com.nurseryadministrator.testscript.GroupListFilter" name="filterByNameTeacherAndType" time="6.130"/>
  <system-out/>
  <testcase classname="com.nurseryadministrator.testscript.GroupListFilter" name="filterByNameTypeAndStatus" time="6.004"/>
  <system-out/>
  <testcase classname="com.nurseryadministrator.testscript.GroupListFilter" name="filterByTeacherTypeAndStatus" time="5.766"/>
  <system-out/>
  <testcase classname="com.nurseryadministrator.testscript.GroupListFilter" name="filterGroup" time="6.016"/>
  <system-out/>
</testsuite> <!-- com.nurseryadministrator.testscript.GroupListFilter -->
