<?xml version="1.0" encoding="UTF-8"?>
<!-- Generated by org.testng.reporters.JUnitReportReporter -->
<testsuite hostname="HASEEF" failures="0" tests="3" name="com.nurseryadministrator.testscript.NurseryOnlineRevenueReport" time="24.179" errors="0" timestamp="2021-09-14T17:07:24 IST" skipped="0">
  <testcase classname="com.nurseryadministrator.testscript.NurseryOnlineRevenueReport" name="filterByDateTo" time="9.263"/>
  <system-out/>
  <testcase classname="com.nurseryadministrator.testscript.NurseryOnlineRevenueReport" name="filterByDateFrom" time="9.144"/>
  <system-out/>
  <testcase classname="com.nurseryadministrator.testscript.NurseryOnlineRevenueReport" name="filterByFromDateToDate" time="5.772"/>
  <system-out/>
</testsuite> <!-- com.nurseryadministrator.testscript.NurseryOnlineRevenueReport -->
