<?xml version="1.0" encoding="UTF-8"?>
<!-- Generated by org.testng.reporters.JUnitReportReporter -->
<testsuite hostname="HASEEF" failures="0" tests="10" name="com.nurseryadministrator.testscript.AssistantList" time="76.839" errors="0" timestamp="2021-09-14T17:07:24 IST" skipped="0">
  <testcase classname="com.nurseryadministrator.testscript.AssistantList" name="viewAssistantDetails" time="6.242"/>
  <system-out/>
  <testcase classname="com.nurseryadministrator.testscript.AssistantList" name="deactivateAssistant" time="8.279"/>
  <system-out/>
  <testcase classname="com.nurseryadministrator.testscript.AssistantList" name="activateAssistant" time="8.409"/>
  <system-out/>
  <testcase classname="com.nurseryadministrator.testscript.AssistantList" name="filterByName" time="6.066"/>
  <system-out/>
  <testcase classname="com.nurseryadministrator.testscript.AssistantList" name="editAndViewAssistantDetails" time="12.694"/>
  <system-out/>
  <testcase classname="com.nurseryadministrator.testscript.AssistantList" name="filterByGroupName" time="4.892"/>
  <system-out/>
  <testcase classname="com.nurseryadministrator.testscript.AssistantList" name="filterByNameAndGroupName" time="4.912"/>
  <system-out/>
  <testcase classname="com.nurseryadministrator.testscript.AssistantList" name="verifySorForName" time="8.240"/>
  <system-out/>
  <testcase classname="com.nurseryadministrator.testscript.AssistantList" name="verifySorForPhone" time="8.750"/>
  <system-out/>
  <testcase classname="com.nurseryadministrator.testscript.AssistantList" name="verifySorForStatus" time="8.355"/>
  <system-out/>
</testsuite> <!-- com.nurseryadministrator.testscript.AssistantList -->
