<?xml version="1.0" encoding="UTF-8"?>
<!-- Generated by org.testng.reporters.JUnitReportReporter -->
<testsuite hostname="HASEEF" failures="0" tests="4" name="com.nurseryadministrator.testscript.LogIn" time="27.298" errors="0" timestamp="2021-10-20T12:02:25 IST" skipped="0">
  <testcase classname="com.nurseryadministrator.testscript.LogIn" name="invalidEmail" time="5.106"/>
  <system-out/>
  <testcase classname="com.nurseryadministrator.testscript.LogIn" name="invalidCredentials" time="5.872"/>
  <system-out/>
  <testcase classname="com.nurseryadministrator.testscript.LogIn" name="noCredentials" time="4.412"/>
  <system-out/>
  <testcase classname="com.nurseryadministrator.testscript.LogIn" name="validCredentials" time="11.908"/>
  <system-out/>
</testsuite> <!-- com.nurseryadministrator.testscript.LogIn -->
