<?xml version="1.0" encoding="UTF-8"?>
<!-- Generated by org.testng.reporters.JUnitReportReporter -->
<testsuite hostname="HASEEF" failures="0" tests="1" name="com.nurseryadministrator.testscript.EditProfile" time="20.652" errors="0" timestamp="2021-09-14T17:07:23 IST" skipped="0">
  <testcase classname="com.nurseryadministrator.testscript.EditProfile" name="editPhoneNumberAndVerifyOTP" time="20.652"/>
  <system-out/>
</testsuite> <!-- com.nurseryadministrator.testscript.EditProfile -->
