<?xml version="1.0" encoding="UTF-8"?>
<!-- Generated by org.testng.reporters.JUnitReportReporter -->
<testsuite hostname="HASEEF" failures="0" tests="8" name="com.nurseryadministrator.testscript.AddEmployee" time="28.130" errors="0" timestamp="2021-09-14T17:07:23 IST" skipped="0">
  <testcase classname="com.nurseryadministrator.testscript.AddEmployee" name="verifyMandatoryMsgVisibile" time="2.706"/>
  <system-out/>
  <testcase classname="com.nurseryadministrator.testscript.AddEmployee" name="addEmployeeAsTeacher" time="4.034"/>
  <system-out/>
  <testcase classname="com.nurseryadministrator.testscript.AddEmployee" name="addEmployeeAsAssistant" time="2.645"/>
  <system-out/>
  <testcase classname="com.nurseryadministrator.testscript.AddEmployee" name="addEmployeeAsNurse" time="3.596"/>
  <system-out/>
  <testcase classname="com.nurseryadministrator.testscript.AddEmployee" name="addEmployeeAsTeacherAndAssistant" time="3.278"/>
  <system-out/>
  <testcase classname="com.nurseryadministrator.testscript.AddEmployee" name="addEmployeeAsTeacherAndNurse" time="3.968"/>
  <system-out/>
  <testcase classname="com.nurseryadministrator.testscript.AddEmployee" name="addEmployeeAsAssistantAndNurse" time="2.927"/>
  <system-out/>
  <testcase classname="com.nurseryadministrator.testscript.AddEmployee" name="addEmployeeWithAllRoles" time="4.976"/>
  <system-out/>
</testsuite> <!-- com.nurseryadministrator.testscript.AddEmployee -->
