<?xml version="1.0" encoding="UTF-8"?>
<!-- Generated by org.testng.reporters.JUnitReportReporter -->
<testsuite hostname="HASEEF" failures="0" tests="3" name="com.nurseryadministrator.testscript.AddNurseryAdmin" time="18.664" errors="0" timestamp="2021-09-14T17:07:23 IST" skipped="0">
  <testcase classname="com.nurseryadministrator.testscript.AddNurseryAdmin" name="verifyMandatoryMsgVisible" time="2.896"/>
  <system-out/>
  <testcase classname="com.nurseryadministrator.testscript.AddNurseryAdmin" name="addNurseryAdmin" time="9.350"/>
  <system-out/>
  <testcase classname="com.nurseryadministrator.testscript.AddNurseryAdmin" name="viewAdminDetails" time="6.418"/>
  <system-out/>
</testsuite> <!-- com.nurseryadministrator.testscript.AddNurseryAdmin -->
