<?xml version="1.0" encoding="UTF-8"?>
<!-- Generated by org.testng.reporters.JUnitReportReporter -->
<testsuite hostname="HASEEF" failures="0" tests="28" name="com.nurseryadministrator.testscript.StudentListFilter" time="113.250" errors="0" timestamp="2021-09-14T17:07:23 IST" skipped="0">
  <testcase classname="com.nurseryadministrator.testscript.StudentListFilter" name="filterByFirstName" time="4.880"/>
  <system-out/>
  <testcase classname="com.nurseryadministrator.testscript.StudentListFilter" name="filterByLastName" time="2.922"/>
  <system-out/>
  <testcase classname="com.nurseryadministrator.testscript.StudentListFilter" name="filterByParent1Name" time="4.581"/>
  <system-out/>
  <testcase classname="com.nurseryadministrator.testscript.StudentListFilter" name="filterByStatus" time="7.336"/>
  <system-out/>
  <testcase classname="com.nurseryadministrator.testscript.StudentListFilter" name="filterByGroupName" time="3.446"/>
  <system-out/>
  <testcase classname="com.nurseryadministrator.testscript.StudentListFilter" name="filterByGroupType" time="3.534"/>
  <system-out/>
  <testcase classname="com.nurseryadministrator.testscript.StudentListFilter" name="filterByFirstNameLastNameAndGroup" time="4.018"/>
  <system-out/>
  <testcase classname="com.nurseryadministrator.testscript.StudentListFilter" name="filterByFirstNameLastNameAndStatus" time="4.369"/>
  <system-out/>
  <testcase classname="com.nurseryadministrator.testscript.StudentListFilter" name="filterByFirstNameAndLastName" time="4.091"/>
  <system-out/>
  <testcase classname="com.nurseryadministrator.testscript.StudentListFilter" name="filterStudentByFirstNameLastNameParentAndGroup" time="3.956"/>
  <system-out/>
  <testcase classname="com.nurseryadministrator.testscript.StudentListFilter" name="filterByParentAndStatus" time="3.864"/>
  <system-out/>
  <testcase classname="com.nurseryadministrator.testscript.StudentListFilter" name="filterByParentAndType" time="4.418"/>
  <system-out/>
  <testcase classname="com.nurseryadministrator.testscript.StudentListFilter" name="filterStudentByFirstNameLastNameParentAndStatus" time="4.201"/>
  <system-out/>
  <testcase classname="com.nurseryadministrator.testscript.StudentListFilter" name="filterStudentByFirstNameParentAndStatus" time="3.636"/>
  <system-out/>
  <testcase classname="com.nurseryadministrator.testscript.StudentListFilter" name="filterStudentByFirstNameLastNameParentAndType" time="3.791"/>
  <system-out/>
  <testcase classname="com.nurseryadministrator.testscript.StudentListFilter" name="filterStudentByFirstNameParentGroupAndType" time="4.384"/>
  <system-out/>
  <testcase classname="com.nurseryadministrator.testscript.StudentListFilter" name="filterStudentByFirstNameParentGroupStatusAndType" time="3.707"/>
  <system-out/>
  <testcase classname="com.nurseryadministrator.testscript.StudentListFilter" name="filterStudent" time="4.072"/>
  <system-out/>
  <testcase classname="com.nurseryadministrator.testscript.StudentListFilter" name="filterStudentByFirstNameParentAndGroup" time="4.128"/>
  <system-out/>
  <testcase classname="com.nurseryadministrator.testscript.StudentListFilter" name="filterByFirstNameAndParent" time="3.288"/>
  <system-out/>
  <testcase classname="com.nurseryadministrator.testscript.StudentListFilter" name="filterByParentAndGroup" time="3.355"/>
  <system-out/>
  <testcase classname="com.nurseryadministrator.testscript.StudentListFilter" name="filterByFirstNameLastNameAndParent" time="4.464"/>
  <system-out/>
  <testcase classname="com.nurseryadministrator.testscript.StudentListFilter" name="filterByFirstNameAndGroupType" time="3.499"/>
  <system-out/>
  <testcase classname="com.nurseryadministrator.testscript.StudentListFilter" name="filterByTypeAndGroup" time="3.868"/>
  <system-out/>
  <testcase classname="com.nurseryadministrator.testscript.StudentListFilter" name="filterByGroupAndType" time="4.346"/>
  <system-out/>
  <testcase classname="com.nurseryadministrator.testscript.StudentListFilter" name="filterByFirstNameAndStatus" time="3.247"/>
  <system-out/>
  <testcase classname="com.nurseryadministrator.testscript.StudentListFilter" name="filterByGroupAndStatus" time="3.337"/>
  <system-out/>
  <testcase classname="com.nurseryadministrator.testscript.StudentListFilter" name="filterByFirstNameAndGroup" time="4.512"/>
  <system-out/>
</testsuite> <!-- com.nurseryadministrator.testscript.StudentListFilter -->
