<?xml version="1.0" encoding="UTF-8"?>
<!-- Generated by org.testng.reporters.JUnitReportReporter -->
<testsuite hostname="HASEEF" failures="0" tests="8" name="com.nurseryadministrator.testscript.NurseList" time="68.662" errors="0" timestamp="2021-09-14T17:07:24 IST" skipped="0">
  <testcase classname="com.nurseryadministrator.testscript.NurseList" name="viewNurseDetails" time="6.501"/>
  <system-out/>
  <testcase classname="com.nurseryadministrator.testscript.NurseList" name="deactivateNurse" time="7.962"/>
  <system-out/>
  <testcase classname="com.nurseryadministrator.testscript.NurseList" name="activateNurse" time="7.994"/>
  <system-out/>
  <testcase classname="com.nurseryadministrator.testscript.NurseList" name="filterByName" time="6.202"/>
  <system-out/>
  <testcase classname="com.nurseryadministrator.testscript.NurseList" name="editAndViewNurseDetails" time="13.932"/>
  <system-out/>
  <testcase classname="com.nurseryadministrator.testscript.NurseList" name="verifySorForName" time="9.022"/>
  <system-out/>
  <testcase classname="com.nurseryadministrator.testscript.NurseList" name="verifySorForPhone" time="8.547"/>
  <system-out/>
  <testcase classname="com.nurseryadministrator.testscript.NurseList" name="verifySorForStatus" time="8.502"/>
  <system-out/>
</testsuite> <!-- com.nurseryadministrator.testscript.NurseList -->
