<?xml version="1.0" encoding="UTF-8"?>
<!-- Generated by org.testng.reporters.JUnitReportReporter -->
<testsuite hostname="HASEEF" failures="0" tests="7" name="com.nurseryadministrator.testscript.RequestPayment" time="82.472" errors="0" timestamp="2021-09-14T17:07:24 IST" skipped="0">
  <testcase classname="com.nurseryadministrator.testscript.RequestPayment" name="verifyMandatoryMsgVisibile" time="3.204"/>
  <system-out/>
  <testcase classname="com.nurseryadministrator.testscript.RequestPayment" name="createPaymentRequest" time="21.255"/>
  <system-out/>
  <testcase classname="com.nurseryadministrator.testscript.RequestPayment" name="viewPaymentDetails" time="19.597"/>
  <system-out/>
  <testcase classname="com.nurseryadministrator.testscript.RequestPayment" name="acceptPayment" time="10.098"/>
  <system-out/>
  <testcase classname="com.nurseryadministrator.testscript.RequestPayment" name="refundPayment" time="9.754"/>
  <system-out/>
  <testcase classname="com.nurseryadministrator.testscript.RequestPayment" name="cancelPayment" time="8.762"/>
  <system-out/>
  <testcase classname="com.nurseryadministrator.testscript.RequestPayment" name="verifyPaymentActions" time="9.802"/>
  <system-out/>
</testsuite> <!-- com.nurseryadministrator.testscript.RequestPayment -->
