<?xml version="1.0" encoding="UTF-8"?>
<!-- Generated by org.testng.reporters.JUnitReportReporter -->
<testsuite hostname="HASEEF" failures="0" tests="10" name="com.nurseryadministrator.testscript.TeacherList" time="78.031" errors="0" timestamp="2021-09-14T17:07:24 IST" skipped="0">
  <testcase classname="com.nurseryadministrator.testscript.TeacherList" name="viewTeacherDetails" time="5.915"/>
  <system-out/>
  <testcase classname="com.nurseryadministrator.testscript.TeacherList" name="deactivateTeacher" time="7.764"/>
  <system-out/>
  <testcase classname="com.nurseryadministrator.testscript.TeacherList" name="activateTeacher" time="8.860"/>
  <system-out/>
  <testcase classname="com.nurseryadministrator.testscript.TeacherList" name="filterByName" time="6.617"/>
  <system-out/>
  <testcase classname="com.nurseryadministrator.testscript.TeacherList" name="editAndViewTeacherDetails" time="13.900"/>
  <system-out/>
  <testcase classname="com.nurseryadministrator.testscript.TeacherList" name="filterByGroupName" time="5.621"/>
  <system-out/>
  <testcase classname="com.nurseryadministrator.testscript.TeacherList" name="filterByNameAndGroupName" time="3.807"/>
  <system-out/>
  <testcase classname="com.nurseryadministrator.testscript.TeacherList" name="verifySorForName" time="8.377"/>
  <system-out/>
  <testcase classname="com.nurseryadministrator.testscript.TeacherList" name="verifySorForPhone" time="8.509"/>
  <system-out/>
  <testcase classname="com.nurseryadministrator.testscript.TeacherList" name="verifySorForStatus" time="8.661"/>
  <system-out/>
</testsuite> <!-- com.nurseryadministrator.testscript.TeacherList -->
